<?xml version='1.0' encoding='UTF-8'?>
<result plugin="junit@1.11">
  <suites>
    <suite>
      <file>/home/jenkins/workspace/Tests/tests/behat/out/behat.junit.xml</file>
      <name>Generic site features and global health</name>
      <duration>8.912</duration>
      <cases>
        <case>
          <duration>0.924</duration>
          <className>Generic site features and global health</className>
          <testName>The homepage must load properly</testName>
          <skipped>false</skipped>
          <failedSince>0</failedSince>
        </case>
        <case>
          <duration>0.836</duration>
          <className>Generic site features and global health</className>
          <testName>Accessing to admin menu toolbar</testName>
          <skipped>false</skipped>
          <failedSince>0</failedSince>
        </case>
        <case>
          <duration>1.871</duration>
          <className>Generic site features and global health</className>
          <testName>The cache can be cleared</testName>
          <skipped>false</skipped>
          <failedSince>0</failedSince>
        </case>
        <case>
          <duration>1.436</duration>
          <className>Generic site features and global health</className>
          <testName>An administrator can administer the modules</testName>
          <skipped>false</skipped>
          <failedSince>0</failedSince>
        </case>
        <case>
          <duration>0.122</duration>
          <className>Generic site features and global health</className>
          <testName>An anonymous user can not access to admin pages</testName>
          <skipped>false</skipped>
          <failedSince>0</failedSince>
        </case>
        <case>
          <duration>0.657</duration>
          <className>Generic site features and global health</className>
          <testName>An administrator can create users</testName>
          <skipped>false</skipped>
          <failedSince>0</failedSince>
        </case>
        <case>
          <duration>0.545</duration>
          <className>Generic site features and global health</className>
          <testName>An administrator can create users with roles</testName>
          <skipped>false</skipped>
          <failedSince>0</failedSince>
        </case>
        <case>
          <duration>1.329</duration>
          <className>Generic site features and global health</className>
          <testName>Run cron</testName>
          <skipped>false</skipped>
          <failedSince>0</failedSince>
        </case>
        <case>
          <duration>0.318</duration>
          <className>Generic site features and global health</className>
          <testName>Login as a user created during this scenario</testName>
          <skipped>false</skipped>
          <failedSince>0</failedSince>
        </case>
        <case>
          <duration>0.105</duration>
          <className>Generic site features and global health</className>
          <testName>Error messages</testName>
          <skipped>false</skipped>
          <failedSince>0</failedSince>
        </case>
        <case>
          <duration>0.369</duration>
          <className>Generic site features and global health</className>
          <testName>drush command with text matching: drush output correct status</testName>
          <skipped>false</skipped>
          <failedSince>0</failedSince>
        </case>
        <case>
          <duration>0.4</duration>
          <className>Generic site features and global health</className>
          <testName>drush command with arguments: re-enable system</testName>
          <skipped>false</skipped>
          <failedSince>0</failedSince>
        </case>
      </cases>
    </suite>
  </suites>
  <duration>8.912</duration>
  <keepLongStdio>false</keepLongStdio>
</result>