<?xml version='1.0' encoding='UTF-8'?>
<result plugin="junit@1.11">
  <suites>
    <suite>
      <file>/home/jenkins/workspace/Tests/tests/behat/out/behat.junit.xml</file>
      <name>Generic site features and global health</name>
      <duration>8.906</duration>
      <cases>
        <case>
          <duration>0.976</duration>
          <className>Generic site features and global health</className>
          <testName>The homepage must load properly</testName>
          <skipped>false</skipped>
          <failedSince>0</failedSince>
        </case>
        <case>
          <duration>0.767</duration>
          <className>Generic site features and global health</className>
          <testName>Accessing to admin menu toolbar</testName>
          <skipped>false</skipped>
          <failedSince>0</failedSince>
        </case>
        <case>
          <duration>1.878</duration>
          <className>Generic site features and global health</className>
          <testName>The cache can be cleared</testName>
          <skipped>false</skipped>
          <failedSince>0</failedSince>
        </case>
        <case>
          <duration>1.432</duration>
          <className>Generic site features and global health</className>
          <testName>An administrator can administer the modules</testName>
          <skipped>false</skipped>
          <failedSince>0</failedSince>
        </case>
        <case>
          <duration>0.108</duration>
          <className>Generic site features and global health</className>
          <testName>An anonymous user can not access to admin pages</testName>
          <skipped>false</skipped>
          <failedSince>0</failedSince>
        </case>
        <case>
          <duration>0.586</duration>
          <className>Generic site features and global health</className>
          <testName>An administrator can create users</testName>
          <skipped>false</skipped>
          <failedSince>0</failedSince>
        </case>
        <case>
          <duration>0.645</duration>
          <className>Generic site features and global health</className>
          <testName>An administrator can create users with roles</testName>
          <skipped>false</skipped>
          <failedSince>0</failedSince>
        </case>
        <case>
          <duration>1.31</duration>
          <className>Generic site features and global health</className>
          <testName>Run cron</testName>
          <skipped>false</skipped>
          <failedSince>0</failedSince>
        </case>
        <case>
          <duration>0.3</duration>
          <className>Generic site features and global health</className>
          <testName>Login as a user created during this scenario</testName>
          <skipped>false</skipped>
          <failedSince>0</failedSince>
        </case>
        <case>
          <duration>0.116</duration>
          <className>Generic site features and global health</className>
          <testName>Error messages</testName>
          <skipped>false</skipped>
          <failedSince>0</failedSince>
        </case>
        <case>
          <duration>0.398</duration>
          <className>Generic site features and global health</className>
          <testName>drush command with text matching: drush output correct status</testName>
          <skipped>false</skipped>
          <failedSince>0</failedSince>
        </case>
        <case>
          <duration>0.39</duration>
          <className>Generic site features and global health</className>
          <testName>drush command with arguments: re-enable system</testName>
          <skipped>false</skipped>
          <failedSince>0</failedSince>
        </case>
      </cases>
    </suite>
  </suites>
  <duration>8.906</duration>
  <keepLongStdio>false</keepLongStdio>
</result>